{"level":"info","message":"MongoDB connected","timestamp":"2025-11-23T13:39:25.469Z"}
{"level":"info","message":"College Service listening on 5002","timestamp":"2025-11-23T13:39:26.042Z"}
{"level":"info","message":"Shutting down server...","timestamp":"2025-11-23T13:39:29.589Z"}
{"level":"info","message":"MongoDB connected","timestamp":"2025-11-23T13:42:30.431Z"}
{"level":"info","message":"College Service listening on 5002","timestamp":"2025-11-23T13:42:30.798Z"}
{"level":"info","message":"MongoDB connected","timestamp":"2025-11-23T13:46:51.014Z"}
{"level":"info","message":"College Service listening on 5002","timestamp":"2025-11-23T13:46:51.375Z"}
{"level":"info","message":"Shutting down server...","timestamp":"2025-11-23T13:46:58.803Z"}
{"level":"info","message":"MongoDB connected","timestamp":"2025-11-23T13:47:34.045Z"}
{"level":"info","message":"College Service listening on 5002","timestamp":"2025-11-23T13:47:34.397Z"}
{"level":"info","message":"MongoDB connected","timestamp":"2025-11-23T13:48:38.613Z"}
{"level":"info","message":"College Service listening on 5002","timestamp":"2025-11-23T13:48:39.085Z"}
{"level":"info","message":"MongoDB connected","timestamp":"2025-11-23T13:48:48.848Z"}
{"level":"info","message":"College Service listening on 5002","timestamp":"2025-11-23T13:48:49.285Z"}
{"level":"info","message":"MongoDB connected","timestamp":"2025-11-23T13:50:44.406Z"}
{"level":"info","message":"College Service listening on 5002","timestamp":"2025-11-23T13:50:44.751Z"}
{"level":"info","message":"MongoDB connected","timestamp":"2025-11-23T13:51:12.668Z"}
{"level":"info","message":"College Service listening on 5002","timestamp":"2025-11-23T13:51:13.100Z"}
{"level":"info","message":"MongoDB connected","timestamp":"2025-11-23T13:53:41.666Z"}
{"level":"info","message":"College Service listening on 5002","timestamp":"2025-11-23T13:53:42.134Z"}
{"level":"info","message":"MongoDB connected","timestamp":"2025-11-23T13:54:08.451Z"}
{"level":"info","message":"College Service listening on 5002","timestamp":"2025-11-23T13:54:08.931Z"}
{"level":"info","message":"MongoDB connected","timestamp":"2025-11-23T13:54:52.664Z"}
{"level":"info","message":"College Service listening on 5002","timestamp":"2025-11-23T13:54:53.073Z"}
{"level":"info","message":"MongoDB connected","timestamp":"2025-11-23T13:55:07.769Z"}
{"level":"info","message":"College Service listening on 5002","timestamp":"2025-11-23T13:55:08.121Z"}
{"level":"info","message":"MongoDB connected","timestamp":"2025-11-23T13:55:44.344Z"}
{"level":"info","message":"College Service listening on 5002","timestamp":"2025-11-23T13:55:44.778Z"}
{"level":"info","message":"MongoDB connected","timestamp":"2025-11-23T14:17:15.279Z"}
{"level":"info","message":"College Service listening on 5002","timestamp":"2025-11-23T14:17:15.640Z"}
{"level":"error","message":"Global error handler caught exception The AWS Access Key Id you provided does not exist in our records.","method":"POST","path":"/api/admin/COL001/upload-students","stack":"InvalidAccessKeyId: The AWS Access Key Id you provided does not exist in our records.\n    at ProtocolLib.getErrorSchemaOrThrowBaseException (C:\\Users\\Admin\\Desktop\\School_Management\\college_admin_service\\node_modules\\@aws-sdk\\core\\dist-cjs\\submodules\\protocols\\index.js:69:67)\n    at AwsRestXmlProtocol.handleError (C:\\Users\\Admin\\Desktop\\School_Management\\college_admin_service\\node_modules\\@aws-sdk\\core\\dist-cjs\\submodules\\protocols\\index.js:1610:65)\n    at AwsRestXmlProtocol.deserializeResponse (C:\\Users\\Admin\\Desktop\\School_Management\\college_admin_service\\node_modules\\@smithy\\core\\dist-cjs\\submodules\\protocols\\index.js:301:24)\n    at process.processTicksAndRejections (node:internal/process/task_queues:105:5)\n    at async C:\\Users\\Admin\\Desktop\\School_Management\\college_admin_service\\node_modules\\@smithy\\core\\dist-cjs\\submodules\\schema\\index.js:26:24\n    at async C:\\Users\\Admin\\Desktop\\School_Management\\college_admin_service\\node_modules\\@aws-sdk\\middleware-sdk-s3\\dist-cjs\\index.js:386:20\n    at async C:\\Users\\Admin\\Desktop\\School_Management\\college_admin_service\\node_modules\\@smithy\\middleware-retry\\dist-cjs\\index.js:254:46\n    at async C:\\Users\\Admin\\Desktop\\School_Management\\college_admin_service\\node_modules\\@aws-sdk\\middleware-flexible-checksums\\dist-cjs\\index.js:247:20\n    at async C:\\Users\\Admin\\Desktop\\School_Management\\college_admin_service\\node_modules\\@aws-sdk\\middleware-sdk-s3\\dist-cjs\\index.js:63:28\n    at async C:\\Users\\Admin\\Desktop\\School_Management\\college_admin_service\\node_modules\\@aws-sdk\\middleware-sdk-s3\\dist-cjs\\index.js:90:20","statusCode":500,"timestamp":"2025-11-23T14:18:44.343Z"}
{"level":"info","message":"MongoDB connected","timestamp":"2025-11-23T14:25:02.067Z"}
{"level":"info","message":"MongoDB connected","timestamp":"2025-11-23T14:25:02.101Z"}
{"level":"info","message":"College Service listening on 5002","timestamp":"2025-11-23T14:25:02.464Z"}
{"level":"info","message":"College Service listening on 5002","timestamp":"2025-11-23T14:25:02.511Z"}
{"level":"error","message":"Global error handler caught exception fs is not defined","method":"POST","path":"/api/admin/COL001/upload-students","stack":"ReferenceError: fs is not defined\n    at Module.createUploadJob (file:///C:/Users/Admin/Desktop/School_Management/college_admin_service/services/admin.service.js:10:5)\n    at process.processTicksAndRejections (node:internal/process/task_queues:105:5)\n    at async uploadStudents (file:///C:/Users/Admin/Desktop/School_Management/college_admin_service/controllers/admin.controller.js:12:21)","statusCode":500,"timestamp":"2025-11-23T14:25:23.464Z"}
{"level":"info","message":"MongoDB connected","timestamp":"2025-11-23T14:26:16.994Z"}
{"level":"info","message":"MongoDB connected","timestamp":"2025-11-23T14:26:16.996Z"}
{"level":"info","message":"College Service listening on 5002","timestamp":"2025-11-23T14:26:17.491Z"}
{"level":"info","message":"College Service listening on 5002","timestamp":"2025-11-23T14:26:17.492Z"}
{"level":"info","message":"Shutting down server...","timestamp":"2025-11-23T14:27:11.786Z"}
{"level":"info","message":"MongoDB connected","timestamp":"2025-11-23T14:27:37.850Z"}
{"level":"info","message":"College Service listening on 5002","timestamp":"2025-11-23T14:27:38.443Z"}
{"level":"info","message":"MongoDB connected","timestamp":"2025-11-23T14:27:41.973Z"}
{"level":"info","message":"MongoDB connected","timestamp":"2025-11-23T14:28:01.395Z"}
{"level":"info","message":"College Service listening on 5002","timestamp":"2025-11-23T14:28:01.837Z"}
{"level":"info","message":"MongoDB connected","timestamp":"2025-11-23T14:28:04.727Z"}
{"level":"info","message":"MongoDB connected","timestamp":"2025-11-23T14:29:11.113Z"}
{"level":"info","message":"College Service listening on 5002","timestamp":"2025-11-23T14:29:11.551Z"}
{"level":"info","message":"MongoDB connected","timestamp":"2025-11-23T14:29:17.950Z"}
{"level":"info","message":"MongoDB connected","timestamp":"2025-11-23T14:30:12.839Z"}
{"level":"info","message":"College Service listening on 5002","timestamp":"2025-11-23T14:30:13.240Z"}
{"level":"info","message":"MongoDB connected","timestamp":"2025-11-23T14:30:33.032Z"}
{"level":"info","message":"College Service listening on 5002","timestamp":"2025-11-23T14:30:33.442Z"}
{"level":"info","message":"MongoDB connected","timestamp":"2025-11-23T14:30:57.464Z"}
{"level":"info","message":"College Service listening on 5002","timestamp":"2025-11-23T14:30:57.942Z"}
{"level":"info","message":"MongoDB connected","timestamp":"2025-11-23T14:31:06.641Z"}
{"level":"info","message":"College Service listening on 5002","timestamp":"2025-11-23T14:31:06.989Z"}
{"level":"info","message":"MongoDB connected","timestamp":"2025-11-23T14:31:35.281Z"}
{"level":"info","message":"College Service listening on 5002","timestamp":"2025-11-23T14:31:35.698Z"}
{"level":"info","message":"MongoDB connected","timestamp":"2025-11-23T14:32:01.837Z"}
{"level":"info","message":"College Service listening on 5002","timestamp":"2025-11-23T14:32:02.187Z"}
{"level":"info","message":"MongoDB connected","timestamp":"2025-11-23T14:32:04.585Z"}
{"level":"info","message":"studentImport worker (streaming) started","timestamp":"2025-11-23T14:32:04.590Z"}
{"level":"info","message":"Downloading file from S3:","timestamp":"2025-11-23T14:32:06.341Z"}
{"level":"info","message":"Downloading file from S3:","timestamp":"2025-11-23T14:32:09.326Z"}
{"level":"info","message":"Downloading file from S3:","timestamp":"2025-11-23T14:32:14.345Z"}
{"level":"info","message":"Downloading file from S3:","timestamp":"2025-11-23T14:34:27.434Z"}
{"level":"info","message":"Downloading file from S3:","timestamp":"2025-11-23T14:34:30.340Z"}
{"level":"info","message":"Downloading file from S3:","timestamp":"2025-11-23T14:34:35.265Z"}
{"level":"info","message":"MongoDB connected","timestamp":"2025-11-23T14:35:55.298Z"}
{"level":"info","message":"College Service listening on 5002","timestamp":"2025-11-23T14:35:56.009Z"}
{"level":"info","message":"Shutting down server...","timestamp":"2025-11-23T14:35:57.238Z"}
{"level":"info","message":"MongoDB connected","timestamp":"2025-11-23T14:36:31.950Z"}
{"level":"info","message":"studentImport worker (streaming) started","timestamp":"2025-11-23T14:36:31.955Z"}
{"level":"info","message":"MongoDB connected","timestamp":"2025-11-23T14:38:12.324Z"}
{"level":"info","message":"College Service listening on 5002","timestamp":"2025-11-23T14:38:12.675Z"}
{"level":"info","message":"Shutting down server...","timestamp":"2025-11-23T14:38:31.734Z"}
{"level":"info","message":"MongoDB connected","timestamp":"2025-11-23T14:38:38.570Z"}
{"level":"info","message":"studentImport worker (streaming) started","timestamp":"2025-11-23T14:38:38.575Z"}
{"level":"info","message":"Downloading file from S3:","timestamp":"2025-11-23T14:38:40.106Z"}
{"level":"info","message":"Downloading file from S3:","timestamp":"2025-11-23T14:38:43.087Z"}
{"level":"info","message":"Downloading file from S3:","timestamp":"2025-11-23T14:38:48.126Z"}
{"level":"info","message":"MongoDB connected","timestamp":"2025-11-23T14:42:12.051Z"}
{"level":"info","message":"College Service listening on 5002","timestamp":"2025-11-23T14:42:12.399Z"}
{"level":"info","message":"MongoDB connected","timestamp":"2025-11-23T14:42:57.527Z"}
{"level":"info","message":"College Service listening on 5002","timestamp":"2025-11-23T14:42:57.934Z"}
{"level":"info","message":"MongoDB connected","timestamp":"2025-11-23T14:44:13.213Z"}
{"level":"info","message":"College Service listening on 5002","timestamp":"2025-11-23T14:44:13.560Z"}
{"level":"info","message":"MongoDB connected","timestamp":"2025-11-23T14:44:30.535Z"}
{"level":"info","message":"studentImport worker (streaming) started","timestamp":"2025-11-23T14:44:30.543Z"}
{"level":"info","message":"Downloading file from S3:","timestamp":"2025-11-23T14:44:41.849Z"}
{"level":"info","message":"Downloaded to local:","timestamp":"2025-11-23T14:44:42.092Z"}
{"level":"info","message":"MongoDB connected","timestamp":"2025-11-23T14:44:45.204Z"}
{"level":"info","message":"College Service listening on 5002","timestamp":"2025-11-23T14:44:45.550Z"}
{"level":"info","message":"MongoDB connected","timestamp":"2025-11-23T14:46:11.464Z"}
{"level":"info","message":"College Service listening on 5002","timestamp":"2025-11-23T14:46:11.951Z"}
{"level":"info","message":"Downloading file from S3:","timestamp":"2025-11-23T14:46:22.569Z"}
{"level":"info","message":"Downloaded to local:","timestamp":"2025-11-23T14:46:22.737Z"}
{"level":"info","message":"[RMQ] Published user_registered for student501@example.com","timestamp":"2025-11-23T14:46:23.137Z"}
{"level":"info","message":"[RMQ] Published user_registered for koushi8073@gmail.com","timestamp":"2025-11-23T14:46:23.342Z"}
{"level":"info","message":"[RMQ] Published user_registered for freelancer@gmail.com","timestamp":"2025-11-23T14:46:23.591Z"}
{"level":"info","message":"[RMQ] Published user_registered for parent2@example.com","timestamp":"2025-11-23T14:46:23.795Z"}
{"level":"info","message":"[RMQ] Published user_registered for student3@example.com","timestamp":"2025-11-23T14:46:24.047Z"}
{"level":"info","message":"[RMQ] Published user_registered for parent3@example.com","timestamp":"2025-11-23T14:46:24.248Z"}
{"level":"info","message":"[RMQ] Published user_registered for student4@example.com","timestamp":"2025-11-23T14:46:24.499Z"}
{"level":"info","message":"[RMQ] Published user_registered for parent4@example.com","timestamp":"2025-11-23T14:46:24.703Z"}
{"level":"info","message":"[RMQ] Published user_registered for student5@example.com","timestamp":"2025-11-23T14:46:24.950Z"}
{"level":"info","message":"[RMQ] Published user_registered for parent5@example.com","timestamp":"2025-11-23T14:46:25.151Z"}
{"level":"info","message":"[RMQ] Published user_registered for student6@example.com","timestamp":"2025-11-23T14:46:25.397Z"}
{"level":"info","message":"[RMQ] Published user_registered for parent6@example.com","timestamp":"2025-11-23T14:46:25.597Z"}
{"level":"info","message":"[RMQ] Published user_registered for student7@example.com","timestamp":"2025-11-23T14:46:25.846Z"}
{"level":"info","message":"[RMQ] Published user_registered for parent7@example.com","timestamp":"2025-11-23T14:46:26.044Z"}
{"level":"info","message":"[RMQ] Published user_registered for student8@example.com","timestamp":"2025-11-23T14:46:26.302Z"}
{"level":"info","message":"[RMQ] Published user_registered for parent8@example.com","timestamp":"2025-11-23T14:46:26.500Z"}
{"level":"info","message":"[RMQ] Published user_registered for student9@example.com","timestamp":"2025-11-23T14:46:26.748Z"}
{"level":"info","message":"[RMQ] Published user_registered for parent9@example.com","timestamp":"2025-11-23T14:46:26.949Z"}
{"level":"info","message":"[RMQ] Published user_registered for student10@example.com","timestamp":"2025-11-23T14:46:27.202Z"}
{"level":"info","message":"[RMQ] Published user_registered for parent10@example.com","timestamp":"2025-11-23T14:46:27.406Z"}
{"level":"info","message":"[RMQ] Published user_registered for student11@example.com","timestamp":"2025-11-23T14:46:27.656Z"}
{"level":"info","message":"[RMQ] Published user_registered for parent11@example.com","timestamp":"2025-11-23T14:46:27.866Z"}
{"level":"info","message":"[RMQ] Published user_registered for student12@example.com","timestamp":"2025-11-23T14:46:28.113Z"}
{"level":"info","message":"[RMQ] Published user_registered for parent12@example.com","timestamp":"2025-11-23T14:46:28.316Z"}
{"level":"info","message":"[RMQ] Published user_registered for student13@example.com","timestamp":"2025-11-23T14:46:28.562Z"}
{"level":"info","message":"[RMQ] Published user_registered for parent13@example.com","timestamp":"2025-11-23T14:46:28.760Z"}
{"level":"info","message":"[RMQ] Published user_registered for student14@example.com","timestamp":"2025-11-23T14:46:29.008Z"}
{"level":"info","message":"[RMQ] Published user_registered for parent14@example.com","timestamp":"2025-11-23T14:46:29.208Z"}
{"level":"info","message":"[RMQ] Published user_registered for student15@example.com","timestamp":"2025-11-23T14:46:29.455Z"}
{"level":"info","message":"[RMQ] Published user_registered for parent15@example.com","timestamp":"2025-11-23T14:46:29.696Z"}
{"level":"info","message":"[RMQ] Published user_registered for student16@example.com","timestamp":"2025-11-23T14:46:29.939Z"}
{"level":"info","message":"[RMQ] Published user_registered for parent16@example.com","timestamp":"2025-11-23T14:46:30.137Z"}
{"level":"info","message":"[RMQ] Published user_registered for student17@example.com","timestamp":"2025-11-23T14:46:30.385Z"}
{"level":"info","message":"[RMQ] Published user_registered for parent17@example.com","timestamp":"2025-11-23T14:46:30.597Z"}
{"level":"info","message":"[RMQ] Published user_registered for student18@example.com","timestamp":"2025-11-23T14:46:30.845Z"}
{"level":"info","message":"[RMQ] Published user_registered for parent18@example.com","timestamp":"2025-11-23T14:46:31.043Z"}
{"level":"info","message":"[RMQ] Published user_registered for student19@example.com","timestamp":"2025-11-23T14:46:31.289Z"}
{"level":"info","message":"[RMQ] Published user_registered for parent19@example.com","timestamp":"2025-11-23T14:46:31.487Z"}
{"level":"info","message":"[RMQ] Published user_registered for student20@example.com","timestamp":"2025-11-23T14:46:31.736Z"}
{"level":"info","message":"[RMQ] Published user_registered for parent20@example.com","timestamp":"2025-11-23T14:46:31.934Z"}
{"level":"info","message":"[RMQ] Published user_registered for student21@example.com","timestamp":"2025-11-23T14:46:32.179Z"}
{"level":"info","message":"[RMQ] Published user_registered for parent21@example.com","timestamp":"2025-11-23T14:46:32.378Z"}
{"level":"info","message":"[RMQ] Published user_registered for student22@example.com","timestamp":"2025-11-23T14:46:32.627Z"}
{"level":"info","message":"[RMQ] Published user_registered for parent22@example.com","timestamp":"2025-11-23T14:46:32.826Z"}
{"level":"info","message":"[RMQ] Published user_registered for student23@example.com","timestamp":"2025-11-23T14:46:33.071Z"}
{"level":"info","message":"[RMQ] Published user_registered for parent23@example.com","timestamp":"2025-11-23T14:46:33.273Z"}
{"level":"info","message":"[RMQ] Published user_registered for student24@example.com","timestamp":"2025-11-23T14:46:33.526Z"}
{"level":"info","message":"[RMQ] Published user_registered for parent24@example.com","timestamp":"2025-11-23T14:46:33.726Z"}
{"level":"info","message":"[RMQ] Published user_registered for student25@example.com","timestamp":"2025-11-23T14:46:33.975Z"}
{"level":"info","message":"[RMQ] Published user_registered for parent25@example.com","timestamp":"2025-11-23T14:46:34.174Z"}
{"level":"info","message":"[RMQ] Published user_registered for student26@example.com","timestamp":"2025-11-23T14:46:34.424Z"}
{"level":"info","message":"[RMQ] Published user_registered for parent26@example.com","timestamp":"2025-11-23T14:46:34.623Z"}
{"level":"info","message":"[RMQ] Published user_registered for student27@example.com","timestamp":"2025-11-23T14:46:34.869Z"}
{"level":"info","message":"[RMQ] Published user_registered for parent27@example.com","timestamp":"2025-11-23T14:46:35.076Z"}
{"level":"info","message":"[RMQ] Published user_registered for student28@example.com","timestamp":"2025-11-23T14:46:35.322Z"}
{"level":"info","message":"[RMQ] Published user_registered for parent28@example.com","timestamp":"2025-11-23T14:46:35.522Z"}
{"level":"info","message":"[RMQ] Published user_registered for student29@example.com","timestamp":"2025-11-23T14:46:35.767Z"}
{"level":"info","message":"[RMQ] Published user_registered for parent29@example.com","timestamp":"2025-11-23T14:46:35.967Z"}
{"level":"info","message":"[RMQ] Published user_registered for student30@example.com","timestamp":"2025-11-23T14:46:36.214Z"}
{"level":"info","message":"[RMQ] Published user_registered for parent30@example.com","timestamp":"2025-11-23T14:46:36.412Z"}
{"level":"info","message":"[RMQ] Published user_registered for student31@example.com","timestamp":"2025-11-23T14:46:36.659Z"}
{"level":"info","message":"[RMQ] Published user_registered for parent31@example.com","timestamp":"2025-11-23T14:46:36.858Z"}
{"level":"info","message":"[RMQ] Published user_registered for student32@example.com","timestamp":"2025-11-23T14:46:37.107Z"}
{"level":"info","message":"[RMQ] Published user_registered for parent32@example.com","timestamp":"2025-11-23T14:46:37.309Z"}
{"level":"info","message":"[RMQ] Published user_registered for student33@example.com","timestamp":"2025-11-23T14:46:37.558Z"}
{"level":"info","message":"[RMQ] Published user_registered for parent33@example.com","timestamp":"2025-11-23T14:46:37.776Z"}
{"level":"info","message":"[RMQ] Published user_registered for student34@example.com","timestamp":"2025-11-23T14:46:38.026Z"}
{"level":"info","message":"[RMQ] Published user_registered for parent34@example.com","timestamp":"2025-11-23T14:46:38.226Z"}
{"level":"info","message":"[RMQ] Published user_registered for student35@example.com","timestamp":"2025-11-23T14:46:38.474Z"}
{"level":"info","message":"[RMQ] Published user_registered for parent35@example.com","timestamp":"2025-11-23T14:46:38.676Z"}
{"level":"info","message":"[RMQ] Published user_registered for student36@example.com","timestamp":"2025-11-23T14:46:38.928Z"}
{"level":"info","message":"[RMQ] Published user_registered for parent36@example.com","timestamp":"2025-11-23T14:46:39.127Z"}
{"level":"info","message":"[RMQ] Published user_registered for student37@example.com","timestamp":"2025-11-23T14:46:39.377Z"}
{"level":"info","message":"[RMQ] Published user_registered for parent37@example.com","timestamp":"2025-11-23T14:46:39.576Z"}
{"level":"info","message":"[RMQ] Published user_registered for student38@example.com","timestamp":"2025-11-23T14:46:39.821Z"}
{"level":"info","message":"[RMQ] Published user_registered for parent38@example.com","timestamp":"2025-11-23T14:46:40.019Z"}
{"level":"info","message":"[RMQ] Published user_registered for student39@example.com","timestamp":"2025-11-23T14:46:40.267Z"}
{"level":"info","message":"[RMQ] Published user_registered for parent39@example.com","timestamp":"2025-11-23T14:46:40.468Z"}
{"level":"info","message":"[RMQ] Published user_registered for student40@example.com","timestamp":"2025-11-23T14:46:40.721Z"}
{"level":"info","message":"[RMQ] Published user_registered for parent40@example.com","timestamp":"2025-11-23T14:46:40.921Z"}
{"level":"info","message":"[RMQ] Published user_registered for student41@example.com","timestamp":"2025-11-23T14:46:41.168Z"}
{"level":"info","message":"[RMQ] Published user_registered for parent41@example.com","timestamp":"2025-11-23T14:46:41.365Z"}
{"level":"info","message":"[RMQ] Published user_registered for student42@example.com","timestamp":"2025-11-23T14:46:41.613Z"}
{"level":"info","message":"[RMQ] Published user_registered for parent42@example.com","timestamp":"2025-11-23T14:46:41.814Z"}
{"level":"info","message":"[RMQ] Published user_registered for student43@example.com","timestamp":"2025-11-23T14:46:42.062Z"}
{"level":"info","message":"[RMQ] Published user_registered for parent43@example.com","timestamp":"2025-11-23T14:46:42.262Z"}
{"level":"info","message":"[RMQ] Published user_registered for student44@example.com","timestamp":"2025-11-23T14:46:42.511Z"}
{"level":"info","message":"[RMQ] Published user_registered for parent44@example.com","timestamp":"2025-11-23T14:46:42.710Z"}
{"level":"info","message":"[RMQ] Published user_registered for bhuvi4662@gmail.com","timestamp":"2025-11-23T14:46:42.957Z"}
{"level":"info","message":"[RMQ] Published user_registered for parent45@example.com","timestamp":"2025-11-23T14:46:43.158Z"}
{"level":"info","message":"[RMQ] Published user_registered for student46@example.com","timestamp":"2025-11-23T14:46:43.404Z"}
{"level":"info","message":"[RMQ] Published user_registered for parent46@example.com","timestamp":"2025-11-23T14:46:43.601Z"}
{"level":"info","message":"[RMQ] Published user_registered for student47@example.com","timestamp":"2025-11-23T14:46:43.848Z"}
{"level":"info","message":"[RMQ] Published user_registered for parent47@example.com","timestamp":"2025-11-23T14:46:44.048Z"}
{"level":"info","message":"[RMQ] Published user_registered for student48@example.com","timestamp":"2025-11-23T14:46:44.295Z"}
{"level":"info","message":"[RMQ] Published user_registered for parent48@example.com","timestamp":"2025-11-23T14:46:44.496Z"}
{"level":"info","message":"[RMQ] Published user_registered for student49@example.com","timestamp":"2025-11-23T14:46:44.742Z"}
{"level":"info","message":"[RMQ] Published user_registered for parent49@example.com","timestamp":"2025-11-23T14:46:44.940Z"}
{"level":"info","message":"[RMQ] Published user_registered for student50@example.com","timestamp":"2025-11-23T14:46:45.186Z"}
{"level":"info","message":"[RMQ] Published user_registered for parent50@example.com","timestamp":"2025-11-23T14:46:45.387Z"}
{"level":"info","message":"MongoDB connected","timestamp":"2025-11-23T14:46:48.683Z"}
{"level":"info","message":"College Service listening on 5002","timestamp":"2025-11-23T14:46:49.059Z"}
{"level":"info","message":"MongoDB connected","timestamp":"2025-11-23T14:50:06.977Z"}
{"level":"info","message":"College Service listening on 5002","timestamp":"2025-11-23T14:50:07.317Z"}
