{"level":"info","message":"[RABBITMQ] USER_REGISTERED event received for student501@example.com","timestamp":"2025-11-23T13:27:17.129Z"}
{"level":"info","message":"[AUTH] User created in Auth DB → student501@example.com","timestamp":"2025-11-23T13:27:17.575Z"}
{"level":"info","message":"[AUTH] Email job queued for student501@example.com","timestamp":"2025-11-23T13:27:17.726Z"}
{"level":"info","message":"[RABBITMQ] USER_REGISTERED event received for koushi8073@gmail.com","timestamp":"2025-11-23T13:27:17.915Z"}
{"level":"info","message":"[RABBITMQ] USER_REGISTERED event received for freelancer@gmail.com","timestamp":"2025-11-23T13:27:18.074Z"}
{"level":"info","message":"[AUTH] User created in Auth DB → koushi8073@gmail.com","timestamp":"2025-11-23T13:27:18.090Z"}
{"level":"info","message":"[AUTH] Email job queued for koushi8073@gmail.com","timestamp":"2025-11-23T13:27:18.163Z"}
{"level":"info","message":"[RABBITMQ] USER_REGISTERED event received for parent2@example.com","timestamp":"2025-11-23T13:27:18.235Z"}
{"level":"info","message":"[AUTH] User created in Auth DB → freelancer@gmail.com","timestamp":"2025-11-23T13:27:18.264Z"}
{"level":"info","message":"[AUTH] Email job queued for freelancer@gmail.com","timestamp":"2025-11-23T13:27:18.337Z"}
{"level":"info","message":"[RABBITMQ] USER_REGISTERED event received for student3@example.com","timestamp":"2025-11-23T13:27:18.392Z"}
{"level":"info","message":"[AUTH] User created in Auth DB → parent2@example.com","timestamp":"2025-11-23T13:27:18.402Z"}
{"level":"info","message":"[AUTH] Email job queued for parent2@example.com","timestamp":"2025-11-23T13:27:18.474Z"}
{"level":"info","message":"[RABBITMQ] USER_REGISTERED event received for parent3@example.com","timestamp":"2025-11-23T13:27:18.553Z"}
{"level":"info","message":"[AUTH] User created in Auth DB → student3@example.com","timestamp":"2025-11-23T13:27:18.584Z"}
{"level":"info","message":"[AUTH] Email job queued for student3@example.com","timestamp":"2025-11-23T13:27:18.657Z"}
{"level":"info","message":"[RABBITMQ] USER_REGISTERED event received for student4@example.com","timestamp":"2025-11-23T13:27:18.724Z"}
{"level":"info","message":"[AUTH] User created in Auth DB → parent3@example.com","timestamp":"2025-11-23T13:27:18.726Z"}
{"level":"info","message":"[AUTH] Email job queued for parent3@example.com","timestamp":"2025-11-23T13:27:18.798Z"}
{"level":"info","message":"[RABBITMQ] USER_REGISTERED event received for parent4@example.com","timestamp":"2025-11-23T13:27:18.870Z"}
{"level":"info","message":"[AUTH] User created in Auth DB → student4@example.com","timestamp":"2025-11-23T13:27:18.912Z"}
{"level":"info","message":"[AUTH] Email job queued for student4@example.com","timestamp":"2025-11-23T13:27:18.986Z"}
{"level":"info","message":"[RABBITMQ] USER_REGISTERED event received for student5@example.com","timestamp":"2025-11-23T13:27:19.028Z"}
{"level":"info","message":"[AUTH] User created in Auth DB → parent4@example.com","timestamp":"2025-11-23T13:27:19.037Z"}
{"level":"info","message":"[AUTH] Email job queued for parent4@example.com","timestamp":"2025-11-23T13:27:19.109Z"}
{"level":"info","message":"[RABBITMQ] USER_REGISTERED event received for parent5@example.com","timestamp":"2025-11-23T13:27:19.187Z"}
{"level":"info","message":"[AUTH] User created in Auth DB → student5@example.com","timestamp":"2025-11-23T13:27:19.216Z"}
{"level":"info","message":"[AUTH] Email job queued for student5@example.com","timestamp":"2025-11-23T13:27:19.288Z"}
{"level":"info","message":"[RABBITMQ] USER_REGISTERED event received for student6@example.com","timestamp":"2025-11-23T13:27:19.346Z"}
{"level":"info","message":"[AUTH] User created in Auth DB → parent5@example.com","timestamp":"2025-11-23T13:27:19.359Z"}
{"level":"info","message":"[AUTH] Email job queued for parent5@example.com","timestamp":"2025-11-23T13:27:19.431Z"}
{"level":"info","message":"[RABBITMQ] USER_REGISTERED event received for parent6@example.com","timestamp":"2025-11-23T13:27:19.504Z"}
{"level":"info","message":"[AUTH] User created in Auth DB → student6@example.com","timestamp":"2025-11-23T13:27:19.542Z"}
{"level":"info","message":"[AUTH] Email job queued for student6@example.com","timestamp":"2025-11-23T13:27:19.614Z"}
{"level":"info","message":"[RABBITMQ] USER_REGISTERED event received for student7@example.com","timestamp":"2025-11-23T13:27:19.661Z"}
{"level":"info","message":"[AUTH] User created in Auth DB → parent6@example.com","timestamp":"2025-11-23T13:27:19.670Z"}
{"level":"info","message":"[AUTH] Email job queued for parent6@example.com","timestamp":"2025-11-23T13:27:19.742Z"}
{"level":"info","message":"[RABBITMQ] USER_REGISTERED event received for parent7@example.com","timestamp":"2025-11-23T13:27:19.819Z"}
{"level":"info","message":"[AUTH] User created in Auth DB → student7@example.com","timestamp":"2025-11-23T13:27:19.852Z"}
{"level":"info","message":"[AUTH] Email job queued for student7@example.com","timestamp":"2025-11-23T13:27:19.924Z"}
{"level":"info","message":"[RABBITMQ] USER_REGISTERED event received for student8@example.com","timestamp":"2025-11-23T13:27:19.979Z"}
{"level":"info","message":"[AUTH] User created in Auth DB → parent7@example.com","timestamp":"2025-11-23T13:27:19.984Z"}
{"level":"info","message":"[AUTH] Email job queued for parent7@example.com","timestamp":"2025-11-23T13:27:20.057Z"}
{"level":"info","message":"[RABBITMQ] USER_REGISTERED event received for parent8@example.com","timestamp":"2025-11-23T13:27:20.138Z"}
{"level":"info","message":"[AUTH] User created in Auth DB → student8@example.com","timestamp":"2025-11-23T13:27:20.172Z"}
{"level":"info","message":"[AUTH] Email job queued for student8@example.com","timestamp":"2025-11-23T13:27:20.244Z"}
{"level":"info","message":"[RABBITMQ] USER_REGISTERED event received for student9@example.com","timestamp":"2025-11-23T13:27:20.301Z"}
{"level":"info","message":"[AUTH] User created in Auth DB → parent8@example.com","timestamp":"2025-11-23T13:27:20.313Z"}
{"level":"info","message":"[AUTH] Email job queued for parent8@example.com","timestamp":"2025-11-23T13:27:20.386Z"}
{"level":"info","message":"[RABBITMQ] USER_REGISTERED event received for parent9@example.com","timestamp":"2025-11-23T13:27:20.458Z"}
{"level":"info","message":"[AUTH] User created in Auth DB → student9@example.com","timestamp":"2025-11-23T13:27:20.489Z"}
{"level":"info","message":"[AUTH] Email job queued for student9@example.com","timestamp":"2025-11-23T13:27:20.560Z"}
{"level":"info","message":"[RABBITMQ] USER_REGISTERED event received for student10@example.com","timestamp":"2025-11-23T13:27:20.620Z"}
{"level":"info","message":"[AUTH] User created in Auth DB → parent9@example.com","timestamp":"2025-11-23T13:27:20.628Z"}
{"level":"info","message":"[AUTH] Email job queued for parent9@example.com","timestamp":"2025-11-23T13:27:20.699Z"}
{"level":"info","message":"[RABBITMQ] USER_REGISTERED event received for parent10@example.com","timestamp":"2025-11-23T13:27:20.776Z"}
{"level":"info","message":"[AUTH] User created in Auth DB → student10@example.com","timestamp":"2025-11-23T13:27:20.808Z"}
{"level":"info","message":"[AUTH] Email job queued for student10@example.com","timestamp":"2025-11-23T13:27:20.880Z"}
{"level":"info","message":"[RABBITMQ] USER_REGISTERED event received for student11@example.com","timestamp":"2025-11-23T13:27:20.935Z"}
{"level":"info","message":"[AUTH] User created in Auth DB → parent10@example.com","timestamp":"2025-11-23T13:27:20.943Z"}
{"level":"info","message":"[AUTH] Email job queued for parent10@example.com","timestamp":"2025-11-23T13:27:21.016Z"}
{"level":"info","message":"[RABBITMQ] USER_REGISTERED event received for parent11@example.com","timestamp":"2025-11-23T13:27:21.094Z"}
{"level":"info","message":"[AUTH] User created in Auth DB → student11@example.com","timestamp":"2025-11-23T13:27:21.125Z"}
{"level":"info","message":"[AUTH] Email job queued for student11@example.com","timestamp":"2025-11-23T13:27:21.197Z"}
{"level":"info","message":"[RABBITMQ] USER_REGISTERED event received for student12@example.com","timestamp":"2025-11-23T13:27:21.251Z"}
{"level":"info","message":"[AUTH] User created in Auth DB → parent11@example.com","timestamp":"2025-11-23T13:27:21.265Z"}
{"level":"info","message":"[AUTH] Email job queued for parent11@example.com","timestamp":"2025-11-23T13:27:21.336Z"}
{"level":"info","message":"[RABBITMQ] USER_REGISTERED event received for parent12@example.com","timestamp":"2025-11-23T13:27:21.410Z"}
{"level":"info","message":"[RABBITMQ] USER_REGISTERED event received for student13@example.com","timestamp":"2025-11-23T13:27:21.596Z"}
{"level":"info","message":"[AUTH] User created in Auth DB → parent12@example.com","timestamp":"2025-11-23T13:27:21.692Z"}
{"level":"info","message":"[AUTH] User created in Auth DB → student12@example.com","timestamp":"2025-11-23T13:27:21.723Z"}
{"level":"info","message":"[RABBITMQ] USER_REGISTERED event received for parent13@example.com","timestamp":"2025-11-23T13:27:21.755Z"}
{"level":"info","message":"[AUTH] Email job queued for parent12@example.com","timestamp":"2025-11-23T13:27:21.764Z"}
{"level":"info","message":"[AUTH] User created in Auth DB → student13@example.com","timestamp":"2025-11-23T13:27:21.782Z"}
{"level":"info","message":"[AUTH] Email job queued for student12@example.com","timestamp":"2025-11-23T13:27:21.796Z"}
{"level":"info","message":"[AUTH] Email job queued for student13@example.com","timestamp":"2025-11-23T13:27:21.855Z"}
{"level":"info","message":"[RABBITMQ] USER_REGISTERED event received for student14@example.com","timestamp":"2025-11-23T13:27:21.916Z"}
{"level":"info","message":"[AUTH] User created in Auth DB → parent13@example.com","timestamp":"2025-11-23T13:27:21.949Z"}
{"level":"info","message":"[AUTH] Email job queued for parent13@example.com","timestamp":"2025-11-23T13:27:22.021Z"}
{"level":"info","message":"[RABBITMQ] USER_REGISTERED event received for parent14@example.com","timestamp":"2025-11-23T13:27:22.073Z"}
{"level":"info","message":"[AUTH] User created in Auth DB → student14@example.com","timestamp":"2025-11-23T13:27:22.112Z"}
{"level":"info","message":"[AUTH] Email job queued for student14@example.com","timestamp":"2025-11-23T13:27:22.185Z"}
{"level":"info","message":"[RABBITMQ] USER_REGISTERED event received for student15@example.com","timestamp":"2025-11-23T13:27:22.231Z"}
{"level":"info","message":"[AUTH] User created in Auth DB → parent14@example.com","timestamp":"2025-11-23T13:27:22.262Z"}
{"level":"info","message":"[AUTH] Email job queued for parent14@example.com","timestamp":"2025-11-23T13:27:22.335Z"}
{"level":"info","message":"[RABBITMQ] USER_REGISTERED event received for parent15@example.com","timestamp":"2025-11-23T13:27:22.389Z"}
{"level":"info","message":"[AUTH] User created in Auth DB → student15@example.com","timestamp":"2025-11-23T13:27:22.429Z"}
{"level":"info","message":"[AUTH] Email job queued for student15@example.com","timestamp":"2025-11-23T13:27:22.501Z"}
{"level":"info","message":"[RABBITMQ] USER_REGISTERED event received for student16@example.com","timestamp":"2025-11-23T13:27:22.552Z"}
{"level":"info","message":"[AUTH] User created in Auth DB → parent15@example.com","timestamp":"2025-11-23T13:27:22.579Z"}
{"level":"info","message":"[AUTH] Email job queued for parent15@example.com","timestamp":"2025-11-23T13:27:22.651Z"}
{"level":"info","message":"[RABBITMQ] USER_REGISTERED event received for parent16@example.com","timestamp":"2025-11-23T13:27:22.711Z"}
{"level":"info","message":"[AUTH] User created in Auth DB → student16@example.com","timestamp":"2025-11-23T13:27:22.752Z"}
{"level":"info","message":"[AUTH] Email job queued for student16@example.com","timestamp":"2025-11-23T13:27:22.826Z"}
{"level":"info","message":"[RABBITMQ] USER_REGISTERED event received for student17@example.com","timestamp":"2025-11-23T13:27:22.873Z"}
{"level":"info","message":"[AUTH] User created in Auth DB → parent16@example.com","timestamp":"2025-11-23T13:27:22.907Z"}
{"level":"info","message":"[AUTH] Email job queued for parent16@example.com","timestamp":"2025-11-23T13:27:22.979Z"}
{"level":"info","message":"[RABBITMQ] USER_REGISTERED event received for parent17@example.com","timestamp":"2025-11-23T13:27:23.034Z"}
{"level":"info","message":"[AUTH] User created in Auth DB → student17@example.com","timestamp":"2025-11-23T13:27:23.073Z"}
{"level":"info","message":"[AUTH] Email job queued for student17@example.com","timestamp":"2025-11-23T13:27:23.147Z"}
{"level":"info","message":"[RABBITMQ] USER_REGISTERED event received for student18@example.com","timestamp":"2025-11-23T13:27:23.193Z"}
{"level":"info","message":"[AUTH] User created in Auth DB → parent17@example.com","timestamp":"2025-11-23T13:27:23.227Z"}
{"level":"info","message":"[AUTH] Email job queued for parent17@example.com","timestamp":"2025-11-23T13:27:23.299Z"}
{"level":"info","message":"[RABBITMQ] USER_REGISTERED event received for parent18@example.com","timestamp":"2025-11-23T13:27:23.353Z"}
{"level":"info","message":"[AUTH] User created in Auth DB → student18@example.com","timestamp":"2025-11-23T13:27:23.392Z"}
{"level":"info","message":"[AUTH] Email job queued for student18@example.com","timestamp":"2025-11-23T13:27:23.465Z"}
{"level":"info","message":"[RABBITMQ] USER_REGISTERED event received for student19@example.com","timestamp":"2025-11-23T13:27:23.512Z"}
{"level":"info","message":"[AUTH] User created in Auth DB → parent18@example.com","timestamp":"2025-11-23T13:27:23.545Z"}
{"level":"info","message":"[AUTH] Email job queued for parent18@example.com","timestamp":"2025-11-23T13:27:23.617Z"}
{"level":"info","message":"[RABBITMQ] USER_REGISTERED event received for parent19@example.com","timestamp":"2025-11-23T13:27:23.671Z"}
{"level":"info","message":"[AUTH] User created in Auth DB → student19@example.com","timestamp":"2025-11-23T13:27:23.717Z"}
{"level":"info","message":"[AUTH] Email job queued for student19@example.com","timestamp":"2025-11-23T13:27:23.790Z"}
{"level":"info","message":"[RABBITMQ] USER_REGISTERED event received for student20@example.com","timestamp":"2025-11-23T13:27:23.832Z"}
{"level":"info","message":"[AUTH] User created in Auth DB → parent19@example.com","timestamp":"2025-11-23T13:27:23.861Z"}
{"level":"info","message":"[AUTH] Email job queued for parent19@example.com","timestamp":"2025-11-23T13:27:23.934Z"}
{"level":"info","message":"[RABBITMQ] USER_REGISTERED event received for parent20@example.com","timestamp":"2025-11-23T13:27:23.993Z"}
{"level":"info","message":"[AUTH] User created in Auth DB → student20@example.com","timestamp":"2025-11-23T13:27:24.033Z"}
{"level":"info","message":"[AUTH] Email job queued for student20@example.com","timestamp":"2025-11-23T13:27:24.105Z"}
{"level":"info","message":"[RABBITMQ] USER_REGISTERED event received for student21@example.com","timestamp":"2025-11-23T13:27:24.156Z"}
{"level":"info","message":"[AUTH] User created in Auth DB → parent20@example.com","timestamp":"2025-11-23T13:27:24.195Z"}
{"level":"info","message":"[AUTH] Email job queued for parent20@example.com","timestamp":"2025-11-23T13:27:24.267Z"}
{"level":"info","message":"[RABBITMQ] USER_REGISTERED event received for parent21@example.com","timestamp":"2025-11-23T13:27:24.313Z"}
{"level":"info","message":"[AUTH] User created in Auth DB → student21@example.com","timestamp":"2025-11-23T13:27:24.355Z"}
{"level":"info","message":"[AUTH] Email job queued for student21@example.com","timestamp":"2025-11-23T13:27:24.426Z"}
{"level":"info","message":"[RABBITMQ] USER_REGISTERED event received for student22@example.com","timestamp":"2025-11-23T13:27:24.469Z"}
{"level":"info","message":"[AUTH] User created in Auth DB → parent21@example.com","timestamp":"2025-11-23T13:27:24.501Z"}
{"level":"info","message":"[AUTH] Email job queued for parent21@example.com","timestamp":"2025-11-23T13:27:24.573Z"}
{"level":"info","message":"[RABBITMQ] USER_REGISTERED event received for parent22@example.com","timestamp":"2025-11-23T13:27:24.627Z"}
{"level":"info","message":"[AUTH] User created in Auth DB → student22@example.com","timestamp":"2025-11-23T13:27:24.691Z"}
{"level":"info","message":"[AUTH] Email job queued for student22@example.com","timestamp":"2025-11-23T13:27:24.764Z"}
{"level":"info","message":"[RABBITMQ] USER_REGISTERED event received for student23@example.com","timestamp":"2025-11-23T13:27:24.786Z"}
{"level":"info","message":"[AUTH] User created in Auth DB → parent22@example.com","timestamp":"2025-11-23T13:27:24.821Z"}
{"level":"info","message":"[AUTH] Email job queued for parent22@example.com","timestamp":"2025-11-23T13:27:24.893Z"}
{"level":"info","message":"[RABBITMQ] USER_REGISTERED event received for parent23@example.com","timestamp":"2025-11-23T13:27:24.944Z"}
{"level":"info","message":"[AUTH] User created in Auth DB → student23@example.com","timestamp":"2025-11-23T13:27:24.983Z"}
{"level":"info","message":"[AUTH] Email job queued for student23@example.com","timestamp":"2025-11-23T13:27:25.056Z"}
{"level":"info","message":"[RABBITMQ] USER_REGISTERED event received for student24@example.com","timestamp":"2025-11-23T13:27:25.102Z"}
{"level":"info","message":"[AUTH] User created in Auth DB → parent23@example.com","timestamp":"2025-11-23T13:27:25.180Z"}
{"level":"info","message":"[AUTH] Email job queued for parent23@example.com","timestamp":"2025-11-23T13:27:25.251Z"}
{"level":"info","message":"[RABBITMQ] USER_REGISTERED event received for parent24@example.com","timestamp":"2025-11-23T13:27:25.282Z"}
{"level":"info","message":"[AUTH] User created in Auth DB → student24@example.com","timestamp":"2025-11-23T13:27:25.316Z"}
{"level":"info","message":"[AUTH] Email job queued for student24@example.com","timestamp":"2025-11-23T13:27:25.388Z"}
{"level":"info","message":"[RABBITMQ] USER_REGISTERED event received for student25@example.com","timestamp":"2025-11-23T13:27:25.494Z"}
{"level":"info","message":"[AUTH] User created in Auth DB → parent24@example.com","timestamp":"2025-11-23T13:27:25.549Z"}
{"level":"info","message":"[RABBITMQ] USER_REGISTERED event received for parent25@example.com","timestamp":"2025-11-23T13:27:25.599Z"}
{"level":"info","message":"[AUTH] Email job queued for parent24@example.com","timestamp":"2025-11-23T13:27:25.621Z"}
{"level":"info","message":"[AUTH] User created in Auth DB → student25@example.com","timestamp":"2025-11-23T13:27:25.691Z"}
{"level":"info","message":"[RABBITMQ] USER_REGISTERED event received for student26@example.com","timestamp":"2025-11-23T13:27:25.762Z"}
{"level":"info","message":"[AUTH] Email job queued for student25@example.com","timestamp":"2025-11-23T13:27:25.765Z"}
{"level":"info","message":"[AUTH] User created in Auth DB → parent25@example.com","timestamp":"2025-11-23T13:27:25.801Z"}
{"level":"info","message":"[AUTH] Email job queued for parent25@example.com","timestamp":"2025-11-23T13:27:25.872Z"}
{"level":"info","message":"[RABBITMQ] USER_REGISTERED event received for parent26@example.com","timestamp":"2025-11-23T13:27:25.916Z"}
{"level":"info","message":"[AUTH] User created in Auth DB → student26@example.com","timestamp":"2025-11-23T13:27:25.960Z"}
{"level":"info","message":"[AUTH] Email job queued for student26@example.com","timestamp":"2025-11-23T13:27:26.032Z"}
{"level":"info","message":"[RABBITMQ] USER_REGISTERED event received for student27@example.com","timestamp":"2025-11-23T13:27:26.075Z"}
{"level":"info","message":"[AUTH] User created in Auth DB → parent26@example.com","timestamp":"2025-11-23T13:27:26.106Z"}
{"level":"info","message":"[AUTH] Email job queued for parent26@example.com","timestamp":"2025-11-23T13:27:26.178Z"}
{"level":"info","message":"[RABBITMQ] USER_REGISTERED event received for parent27@example.com","timestamp":"2025-11-23T13:27:26.233Z"}
{"level":"info","message":"[AUTH] User created in Auth DB → student27@example.com","timestamp":"2025-11-23T13:27:26.279Z"}
{"level":"info","message":"[AUTH] Email job queued for student27@example.com","timestamp":"2025-11-23T13:27:26.352Z"}
{"level":"info","message":"[RABBITMQ] USER_REGISTERED event received for student28@example.com","timestamp":"2025-11-23T13:27:26.392Z"}
{"level":"info","message":"[AUTH] User created in Auth DB → parent27@example.com","timestamp":"2025-11-23T13:27:26.417Z"}
{"level":"info","message":"[AUTH] Email job queued for parent27@example.com","timestamp":"2025-11-23T13:27:26.489Z"}
{"level":"info","message":"[RABBITMQ] USER_REGISTERED event received for parent28@example.com","timestamp":"2025-11-23T13:27:26.549Z"}
{"level":"info","message":"[AUTH] User created in Auth DB → student28@example.com","timestamp":"2025-11-23T13:27:26.592Z"}
{"level":"info","message":"[AUTH] Email job queued for student28@example.com","timestamp":"2025-11-23T13:27:26.664Z"}
{"level":"info","message":"[RABBITMQ] USER_REGISTERED event received for student29@example.com","timestamp":"2025-11-23T13:27:26.707Z"}
{"level":"info","message":"[AUTH] User created in Auth DB → parent28@example.com","timestamp":"2025-11-23T13:27:26.738Z"}
{"level":"info","message":"[AUTH] Email job queued for parent28@example.com","timestamp":"2025-11-23T13:27:26.811Z"}
{"level":"info","message":"[RABBITMQ] USER_REGISTERED event received for parent29@example.com","timestamp":"2025-11-23T13:27:26.868Z"}
{"level":"info","message":"[AUTH] User created in Auth DB → student29@example.com","timestamp":"2025-11-23T13:27:26.912Z"}
{"level":"info","message":"[AUTH] Email job queued for student29@example.com","timestamp":"2025-11-23T13:27:26.987Z"}
{"level":"info","message":"[RABBITMQ] USER_REGISTERED event received for student30@example.com","timestamp":"2025-11-23T13:27:27.029Z"}
{"level":"info","message":"[AUTH] User created in Auth DB → parent29@example.com","timestamp":"2025-11-23T13:27:27.056Z"}
{"level":"info","message":"[AUTH] Email job queued for parent29@example.com","timestamp":"2025-11-23T13:27:27.128Z"}
{"level":"info","message":"[RABBITMQ] USER_REGISTERED event received for parent30@example.com","timestamp":"2025-11-23T13:27:27.189Z"}
{"level":"info","message":"[AUTH] User created in Auth DB → student30@example.com","timestamp":"2025-11-23T13:27:27.234Z"}
{"level":"info","message":"[AUTH] Email job queued for student30@example.com","timestamp":"2025-11-23T13:27:27.305Z"}
{"level":"info","message":"[RABBITMQ] USER_REGISTERED event received for student31@example.com","timestamp":"2025-11-23T13:27:27.347Z"}
{"level":"info","message":"[AUTH] User created in Auth DB → parent30@example.com","timestamp":"2025-11-23T13:27:27.377Z"}
{"level":"info","message":"[AUTH] Email job queued for parent30@example.com","timestamp":"2025-11-23T13:27:27.449Z"}
{"level":"info","message":"[RABBITMQ] USER_REGISTERED event received for parent31@example.com","timestamp":"2025-11-23T13:27:27.511Z"}
{"level":"info","message":"[AUTH] User created in Auth DB → student31@example.com","timestamp":"2025-11-23T13:27:27.543Z"}
{"level":"info","message":"[AUTH] Email job queued for student31@example.com","timestamp":"2025-11-23T13:27:27.616Z"}
{"level":"info","message":"[RABBITMQ] USER_REGISTERED event received for student32@example.com","timestamp":"2025-11-23T13:27:27.670Z"}
{"level":"info","message":"[AUTH] User created in Auth DB → parent31@example.com","timestamp":"2025-11-23T13:27:27.705Z"}
{"level":"info","message":"[AUTH] Email job queued for parent31@example.com","timestamp":"2025-11-23T13:27:27.777Z"}
{"level":"info","message":"[RABBITMQ] USER_REGISTERED event received for parent32@example.com","timestamp":"2025-11-23T13:27:27.829Z"}
{"level":"info","message":"[AUTH] User created in Auth DB → student32@example.com","timestamp":"2025-11-23T13:27:27.865Z"}
{"level":"info","message":"[AUTH] Email job queued for student32@example.com","timestamp":"2025-11-23T13:27:27.938Z"}
{"level":"info","message":"[RABBITMQ] USER_REGISTERED event received for student33@example.com","timestamp":"2025-11-23T13:27:27.986Z"}
{"level":"info","message":"[AUTH] User created in Auth DB → parent32@example.com","timestamp":"2025-11-23T13:27:28.016Z"}
{"level":"info","message":"[AUTH] Email job queued for parent32@example.com","timestamp":"2025-11-23T13:27:28.089Z"}
{"level":"info","message":"[RABBITMQ] USER_REGISTERED event received for parent33@example.com","timestamp":"2025-11-23T13:27:28.144Z"}
{"level":"info","message":"[AUTH] User created in Auth DB → student33@example.com","timestamp":"2025-11-23T13:27:28.187Z"}
{"level":"info","message":"[AUTH] Email job queued for student33@example.com","timestamp":"2025-11-23T13:27:28.259Z"}
{"level":"info","message":"[RABBITMQ] USER_REGISTERED event received for student34@example.com","timestamp":"2025-11-23T13:27:28.302Z"}
{"level":"info","message":"[AUTH] User created in Auth DB → parent33@example.com","timestamp":"2025-11-23T13:27:28.331Z"}
{"level":"info","message":"[AUTH] Email job queued for parent33@example.com","timestamp":"2025-11-23T13:27:28.402Z"}
{"level":"info","message":"[RABBITMQ] USER_REGISTERED event received for parent34@example.com","timestamp":"2025-11-23T13:27:28.462Z"}
{"level":"info","message":"[AUTH] User created in Auth DB → student34@example.com","timestamp":"2025-11-23T13:27:28.513Z"}
{"level":"info","message":"[AUTH] Email job queued for student34@example.com","timestamp":"2025-11-23T13:27:28.586Z"}
{"level":"info","message":"[RABBITMQ] USER_REGISTERED event received for student35@example.com","timestamp":"2025-11-23T13:27:28.620Z"}
{"level":"info","message":"[AUTH] User created in Auth DB → parent34@example.com","timestamp":"2025-11-23T13:27:28.659Z"}
{"level":"info","message":"[AUTH] Email job queued for parent34@example.com","timestamp":"2025-11-23T13:27:28.743Z"}
{"level":"info","message":"[RABBITMQ] USER_REGISTERED event received for parent35@example.com","timestamp":"2025-11-23T13:27:28.791Z"}
{"level":"info","message":"[AUTH] User created in Auth DB → student35@example.com","timestamp":"2025-11-23T13:27:28.840Z"}
{"level":"info","message":"[AUTH] Email job queued for student35@example.com","timestamp":"2025-11-23T13:27:28.911Z"}
{"level":"info","message":"[RABBITMQ] USER_REGISTERED event received for student36@example.com","timestamp":"2025-11-23T13:27:28.949Z"}
{"level":"info","message":"[AUTH] User created in Auth DB → parent35@example.com","timestamp":"2025-11-23T13:27:28.976Z"}
{"level":"info","message":"[AUTH] Email job queued for parent35@example.com","timestamp":"2025-11-23T13:27:29.048Z"}
{"level":"info","message":"[RABBITMQ] USER_REGISTERED event received for parent36@example.com","timestamp":"2025-11-23T13:27:29.107Z"}
{"level":"info","message":"[AUTH] User created in Auth DB → student36@example.com","timestamp":"2025-11-23T13:27:29.141Z"}
{"level":"info","message":"[AUTH] Email job queued for student36@example.com","timestamp":"2025-11-23T13:27:29.215Z"}
{"level":"info","message":"[RABBITMQ] USER_REGISTERED event received for student37@example.com","timestamp":"2025-11-23T13:27:29.268Z"}
{"level":"info","message":"[AUTH] User created in Auth DB → parent36@example.com","timestamp":"2025-11-23T13:27:29.293Z"}
{"level":"info","message":"[AUTH] Email job queued for parent36@example.com","timestamp":"2025-11-23T13:27:29.365Z"}
{"level":"info","message":"[RABBITMQ] USER_REGISTERED event received for parent37@example.com","timestamp":"2025-11-23T13:27:29.426Z"}
{"level":"info","message":"[AUTH] User created in Auth DB → student37@example.com","timestamp":"2025-11-23T13:27:29.469Z"}
{"level":"info","message":"[AUTH] Email job queued for student37@example.com","timestamp":"2025-11-23T13:27:29.542Z"}
{"level":"info","message":"[RABBITMQ] USER_REGISTERED event received for student38@example.com","timestamp":"2025-11-23T13:27:29.586Z"}
{"level":"info","message":"[AUTH] User created in Auth DB → parent37@example.com","timestamp":"2025-11-23T13:27:29.611Z"}
{"level":"info","message":"[AUTH] Email job queued for parent37@example.com","timestamp":"2025-11-23T13:27:29.683Z"}
{"level":"info","message":"[RABBITMQ] USER_REGISTERED event received for parent38@example.com","timestamp":"2025-11-23T13:27:29.745Z"}
{"level":"info","message":"[AUTH] User created in Auth DB → student38@example.com","timestamp":"2025-11-23T13:27:29.787Z"}
{"level":"info","message":"[AUTH] Email job queued for student38@example.com","timestamp":"2025-11-23T13:27:29.859Z"}
{"level":"info","message":"[RABBITMQ] USER_REGISTERED event received for student39@example.com","timestamp":"2025-11-23T13:27:29.903Z"}
{"level":"info","message":"[AUTH] User created in Auth DB → parent38@example.com","timestamp":"2025-11-23T13:27:29.938Z"}
{"level":"info","message":"[AUTH] Email job queued for parent38@example.com","timestamp":"2025-11-23T13:27:30.010Z"}
{"level":"info","message":"[RABBITMQ] USER_REGISTERED event received for parent39@example.com","timestamp":"2025-11-23T13:27:30.064Z"}
{"level":"info","message":"[AUTH] User created in Auth DB → student39@example.com","timestamp":"2025-11-23T13:27:30.099Z"}
{"level":"info","message":"[AUTH] Email job queued for student39@example.com","timestamp":"2025-11-23T13:27:30.170Z"}
{"level":"info","message":"[RABBITMQ] USER_REGISTERED event received for student40@example.com","timestamp":"2025-11-23T13:27:30.221Z"}
{"level":"info","message":"[AUTH] User created in Auth DB → parent39@example.com","timestamp":"2025-11-23T13:27:30.250Z"}
{"level":"info","message":"[AUTH] Email job queued for parent39@example.com","timestamp":"2025-11-23T13:27:30.322Z"}
{"level":"info","message":"[RABBITMQ] USER_REGISTERED event received for parent40@example.com","timestamp":"2025-11-23T13:27:30.379Z"}
{"level":"info","message":"[AUTH] User created in Auth DB → student40@example.com","timestamp":"2025-11-23T13:27:30.419Z"}
{"level":"info","message":"[AUTH] Email job queued for student40@example.com","timestamp":"2025-11-23T13:27:30.491Z"}
{"level":"info","message":"[RABBITMQ] USER_REGISTERED event received for student41@example.com","timestamp":"2025-11-23T13:27:30.538Z"}
{"level":"info","message":"[AUTH] User created in Auth DB → parent40@example.com","timestamp":"2025-11-23T13:27:30.570Z"}
{"level":"info","message":"[AUTH] Email job queued for parent40@example.com","timestamp":"2025-11-23T13:27:30.642Z"}
{"level":"info","message":"[RABBITMQ] USER_REGISTERED event received for parent41@example.com","timestamp":"2025-11-23T13:27:30.697Z"}
{"level":"info","message":"[AUTH] User created in Auth DB → student41@example.com","timestamp":"2025-11-23T13:27:30.736Z"}
{"level":"info","message":"[AUTH] Email job queued for student41@example.com","timestamp":"2025-11-23T13:27:30.807Z"}
{"level":"info","message":"[RABBITMQ] USER_REGISTERED event received for student42@example.com","timestamp":"2025-11-23T13:27:30.855Z"}
{"level":"info","message":"[AUTH] User created in Auth DB → parent41@example.com","timestamp":"2025-11-23T13:27:30.885Z"}
{"level":"info","message":"[AUTH] Email job queued for parent41@example.com","timestamp":"2025-11-23T13:27:30.957Z"}
{"level":"info","message":"[RABBITMQ] USER_REGISTERED event received for parent42@example.com","timestamp":"2025-11-23T13:27:31.015Z"}
{"level":"info","message":"[AUTH] User created in Auth DB → student42@example.com","timestamp":"2025-11-23T13:27:31.052Z"}
{"level":"info","message":"[AUTH] Email job queued for student42@example.com","timestamp":"2025-11-23T13:27:31.124Z"}
{"level":"info","message":"[RABBITMQ] USER_REGISTERED event received for student43@example.com","timestamp":"2025-11-23T13:27:31.173Z"}
{"level":"info","message":"[AUTH] User created in Auth DB → parent42@example.com","timestamp":"2025-11-23T13:27:31.206Z"}
{"level":"info","message":"[AUTH] Email job queued for parent42@example.com","timestamp":"2025-11-23T13:27:31.278Z"}
{"level":"info","message":"[RABBITMQ] USER_REGISTERED event received for parent43@example.com","timestamp":"2025-11-23T13:27:31.331Z"}
{"level":"info","message":"[AUTH] User created in Auth DB → student43@example.com","timestamp":"2025-11-23T13:27:31.369Z"}
{"level":"info","message":"[AUTH] Email job queued for student43@example.com","timestamp":"2025-11-23T13:27:31.440Z"}
{"level":"info","message":"[RABBITMQ] USER_REGISTERED event received for student44@example.com","timestamp":"2025-11-23T13:27:31.489Z"}
{"level":"info","message":"[AUTH] User created in Auth DB → parent43@example.com","timestamp":"2025-11-23T13:27:31.524Z"}
{"level":"info","message":"[AUTH] Email job queued for parent43@example.com","timestamp":"2025-11-23T13:27:31.598Z"}
{"level":"info","message":"[RABBITMQ] USER_REGISTERED event received for parent44@example.com","timestamp":"2025-11-23T13:27:31.647Z"}
{"level":"info","message":"[AUTH] User created in Auth DB → student44@example.com","timestamp":"2025-11-23T13:27:31.705Z"}
{"level":"info","message":"[AUTH] Email job queued for student44@example.com","timestamp":"2025-11-23T13:27:31.776Z"}
{"level":"info","message":"[RABBITMQ] USER_REGISTERED event received for bhuvi4662@gmail.com","timestamp":"2025-11-23T13:27:31.804Z"}
{"level":"info","message":"[AUTH] User created in Auth DB → parent44@example.com","timestamp":"2025-11-23T13:27:31.840Z"}
{"level":"info","message":"[AUTH] Email job queued for parent44@example.com","timestamp":"2025-11-23T13:27:31.953Z"}
{"level":"info","message":"[RABBITMQ] USER_REGISTERED event received for parent45@example.com","timestamp":"2025-11-23T13:27:31.997Z"}
{"level":"info","message":"[AUTH] User created in Auth DB → bhuvi4662@gmail.com","timestamp":"2025-11-23T13:27:32.034Z"}
{"level":"info","message":"[AUTH] Email job queued for bhuvi4662@gmail.com","timestamp":"2025-11-23T13:27:32.106Z"}
{"level":"info","message":"[RABBITMQ] USER_REGISTERED event received for student46@example.com","timestamp":"2025-11-23T13:27:32.155Z"}
{"level":"info","message":"[AUTH] User created in Auth DB → parent45@example.com","timestamp":"2025-11-23T13:27:32.202Z"}
{"level":"info","message":"[AUTH] Email job queued for parent45@example.com","timestamp":"2025-11-23T13:27:32.274Z"}
{"level":"info","message":"[RABBITMQ] USER_REGISTERED event received for parent46@example.com","timestamp":"2025-11-23T13:27:32.312Z"}
{"level":"info","message":"[AUTH] User created in Auth DB → student46@example.com","timestamp":"2025-11-23T13:27:32.342Z"}
{"level":"info","message":"[AUTH] Email job queued for student46@example.com","timestamp":"2025-11-23T13:27:32.414Z"}
{"level":"info","message":"[RABBITMQ] USER_REGISTERED event received for student47@example.com","timestamp":"2025-11-23T13:27:32.470Z"}
{"level":"info","message":"[AUTH] User created in Auth DB → parent46@example.com","timestamp":"2025-11-23T13:27:32.516Z"}
{"level":"info","message":"[AUTH] Email job queued for parent46@example.com","timestamp":"2025-11-23T13:27:32.587Z"}
{"level":"info","message":"[RABBITMQ] USER_REGISTERED event received for parent47@example.com","timestamp":"2025-11-23T13:27:32.637Z"}
{"level":"info","message":"[AUTH] User created in Auth DB → student47@example.com","timestamp":"2025-11-23T13:27:32.658Z"}
{"level":"info","message":"[AUTH] Email job queued for student47@example.com","timestamp":"2025-11-23T13:27:32.729Z"}
{"level":"info","message":"[RABBITMQ] USER_REGISTERED event received for student48@example.com","timestamp":"2025-11-23T13:27:32.787Z"}
{"level":"info","message":"[AUTH] User created in Auth DB → parent47@example.com","timestamp":"2025-11-23T13:27:32.839Z"}
{"level":"info","message":"[AUTH] Email job queued for parent47@example.com","timestamp":"2025-11-23T13:27:32.914Z"}
{"level":"info","message":"[RABBITMQ] USER_REGISTERED event received for parent48@example.com","timestamp":"2025-11-23T13:27:32.947Z"}
{"level":"info","message":"[AUTH] User created in Auth DB → student48@example.com","timestamp":"2025-11-23T13:27:32.986Z"}
{"level":"info","message":"[AUTH] Email job queued for student48@example.com","timestamp":"2025-11-23T13:27:33.059Z"}
{"level":"info","message":"[RABBITMQ] USER_REGISTERED event received for student49@example.com","timestamp":"2025-11-23T13:27:33.105Z"}
{"level":"info","message":"[AUTH] User created in Auth DB → parent48@example.com","timestamp":"2025-11-23T13:27:33.173Z"}
{"level":"info","message":"[AUTH] Email job queued for parent48@example.com","timestamp":"2025-11-23T13:27:33.246Z"}
{"level":"info","message":"[RABBITMQ] USER_REGISTERED event received for parent49@example.com","timestamp":"2025-11-23T13:27:33.264Z"}
{"level":"info","message":"[AUTH] User created in Auth DB → student49@example.com","timestamp":"2025-11-23T13:27:33.297Z"}
{"level":"info","message":"[AUTH] Email job queued for student49@example.com","timestamp":"2025-11-23T13:27:33.369Z"}
{"level":"info","message":"[RABBITMQ] USER_REGISTERED event received for student50@example.com","timestamp":"2025-11-23T13:27:33.422Z"}
{"level":"info","message":"[AUTH] User created in Auth DB → parent49@example.com","timestamp":"2025-11-23T13:27:33.465Z"}
{"level":"info","message":"[AUTH] Email job queued for parent49@example.com","timestamp":"2025-11-23T13:27:33.538Z"}
{"level":"info","message":"[RABBITMQ] USER_REGISTERED event received for parent50@example.com","timestamp":"2025-11-23T13:27:33.581Z"}
{"level":"info","message":"[AUTH] User created in Auth DB → student50@example.com","timestamp":"2025-11-23T13:27:33.610Z"}
{"level":"info","message":"[AUTH] Email job queued for student50@example.com","timestamp":"2025-11-23T13:27:33.681Z"}
{"level":"info","message":"[AUTH] User created in Auth DB → parent50@example.com","timestamp":"2025-11-23T13:27:33.781Z"}
{"level":"info","message":"[AUTH] Email job queued for parent50@example.com","timestamp":"2025-11-23T13:27:33.853Z"}
{"level":"info","message":"[RABBITMQ] USER_REGISTERED event received for freelancer@gmail.com","timestamp":"2025-11-23T14:46:23.647Z"}
{"level":"info","message":"[AUTH] User created in Auth DB → freelancer@gmail.com","timestamp":"2025-11-23T14:46:23.861Z"}
{"level":"info","message":"[AUTH] Email job queued for freelancer@gmail.com","timestamp":"2025-11-23T14:46:24.009Z"}
{"level":"info","message":"[RABBITMQ] USER_REGISTERED event received for parent3@example.com","timestamp":"2025-11-23T14:46:24.302Z"}
{"level":"info","message":"[AUTH] User created in Auth DB → parent3@example.com","timestamp":"2025-11-23T14:46:24.494Z"}
{"level":"info","message":"[AUTH] Email job queued for parent3@example.com","timestamp":"2025-11-23T14:46:24.566Z"}
{"level":"info","message":"[RABBITMQ] USER_REGISTERED event received for student5@example.com","timestamp":"2025-11-23T14:46:25.003Z"}
{"level":"info","message":"[AUTH] User created in Auth DB → student5@example.com","timestamp":"2025-11-23T14:46:25.187Z"}
{"level":"info","message":"[AUTH] Email job queued for student5@example.com","timestamp":"2025-11-23T14:46:25.259Z"}
{"level":"info","message":"[RABBITMQ] USER_REGISTERED event received for parent6@example.com","timestamp":"2025-11-23T14:46:25.650Z"}
{"level":"info","message":"[AUTH] User created in Auth DB → parent6@example.com","timestamp":"2025-11-23T14:46:25.831Z"}
{"level":"info","message":"[AUTH] Email job queued for parent6@example.com","timestamp":"2025-11-23T14:46:25.902Z"}
{"level":"info","message":"[RABBITMQ] USER_REGISTERED event received for student8@example.com","timestamp":"2025-11-23T14:46:26.355Z"}
{"level":"info","message":"[AUTH] User created in Auth DB → student8@example.com","timestamp":"2025-11-23T14:46:26.541Z"}
{"level":"info","message":"[AUTH] Email job queued for student8@example.com","timestamp":"2025-11-23T14:46:26.613Z"}
{"level":"info","message":"[RABBITMQ] USER_REGISTERED event received for parent9@example.com","timestamp":"2025-11-23T14:46:27.002Z"}
{"level":"info","message":"[AUTH] User created in Auth DB → parent9@example.com","timestamp":"2025-11-23T14:46:27.204Z"}
{"level":"info","message":"[AUTH] Email job queued for parent9@example.com","timestamp":"2025-11-23T14:46:27.276Z"}
{"level":"info","message":"[RABBITMQ] USER_REGISTERED event received for student11@example.com","timestamp":"2025-11-23T14:46:27.711Z"}
{"level":"info","message":"[AUTH] User created in Auth DB → student11@example.com","timestamp":"2025-11-23T14:46:27.893Z"}
{"level":"info","message":"[AUTH] Email job queued for student11@example.com","timestamp":"2025-11-23T14:46:27.965Z"}
{"level":"info","message":"[RABBITMQ] USER_REGISTERED event received for parent12@example.com","timestamp":"2025-11-23T14:46:28.369Z"}
{"level":"info","message":"[AUTH] User created in Auth DB → parent12@example.com","timestamp":"2025-11-23T14:46:28.557Z"}
{"level":"info","message":"[AUTH] Email job queued for parent12@example.com","timestamp":"2025-11-23T14:46:28.629Z"}
{"level":"info","message":"[RABBITMQ] USER_REGISTERED event received for student14@example.com","timestamp":"2025-11-23T14:46:29.061Z"}
{"level":"info","message":"[AUTH] User created in Auth DB → student14@example.com","timestamp":"2025-11-23T14:46:29.242Z"}
{"level":"info","message":"[AUTH] Email job queued for student14@example.com","timestamp":"2025-11-23T14:46:29.314Z"}
{"level":"info","message":"[RABBITMQ] USER_REGISTERED event received for parent15@example.com","timestamp":"2025-11-23T14:46:29.749Z"}
{"level":"info","message":"[AUTH] User created in Auth DB → parent15@example.com","timestamp":"2025-11-23T14:46:29.931Z"}
{"level":"info","message":"[AUTH] Email job queued for parent15@example.com","timestamp":"2025-11-23T14:46:30.002Z"}
{"level":"info","message":"[RABBITMQ] USER_REGISTERED event received for student17@example.com","timestamp":"2025-11-23T14:46:30.439Z"}
{"level":"info","message":"[AUTH] User created in Auth DB → student17@example.com","timestamp":"2025-11-23T14:46:30.629Z"}
{"level":"info","message":"[AUTH] Email job queued for student17@example.com","timestamp":"2025-11-23T14:46:30.700Z"}
{"level":"info","message":"[RABBITMQ] USER_REGISTERED event received for parent18@example.com","timestamp":"2025-11-23T14:46:31.096Z"}
{"level":"info","message":"[AUTH] User created in Auth DB → parent18@example.com","timestamp":"2025-11-23T14:46:31.281Z"}
{"level":"info","message":"[AUTH] Email job queued for parent18@example.com","timestamp":"2025-11-23T14:46:31.351Z"}
{"level":"info","message":"[RABBITMQ] USER_REGISTERED event received for student20@example.com","timestamp":"2025-11-23T14:46:31.789Z"}
{"level":"info","message":"[AUTH] User created in Auth DB → student20@example.com","timestamp":"2025-11-23T14:46:31.972Z"}
{"level":"info","message":"[AUTH] Email job queued for student20@example.com","timestamp":"2025-11-23T14:46:32.043Z"}
{"level":"info","message":"[RABBITMQ] USER_REGISTERED event received for parent21@example.com","timestamp":"2025-11-23T14:46:32.432Z"}
{"level":"info","message":"[AUTH] User created in Auth DB → parent21@example.com","timestamp":"2025-11-23T14:46:32.617Z"}
{"level":"info","message":"[AUTH] Email job queued for parent21@example.com","timestamp":"2025-11-23T14:46:32.688Z"}
{"level":"info","message":"[RABBITMQ] USER_REGISTERED event received for student23@example.com","timestamp":"2025-11-23T14:46:33.124Z"}
{"level":"info","message":"[AUTH] User created in Auth DB → student23@example.com","timestamp":"2025-11-23T14:46:33.303Z"}
{"level":"info","message":"[AUTH] Email job queued for student23@example.com","timestamp":"2025-11-23T14:46:33.376Z"}
{"level":"info","message":"[RABBITMQ] USER_REGISTERED event received for parent24@example.com","timestamp":"2025-11-23T14:46:33.779Z"}
{"level":"info","message":"[AUTH] User created in Auth DB → parent24@example.com","timestamp":"2025-11-23T14:46:33.964Z"}
{"level":"info","message":"[AUTH] Email job queued for parent24@example.com","timestamp":"2025-11-23T14:46:34.035Z"}
{"level":"info","message":"[RABBITMQ] USER_REGISTERED event received for student26@example.com","timestamp":"2025-11-23T14:46:34.477Z"}
{"level":"info","message":"[AUTH] User created in Auth DB → student26@example.com","timestamp":"2025-11-23T14:46:34.658Z"}
{"level":"info","message":"[AUTH] Email job queued for student26@example.com","timestamp":"2025-11-23T14:46:34.730Z"}
{"level":"info","message":"[RABBITMQ] USER_REGISTERED event received for parent27@example.com","timestamp":"2025-11-23T14:46:35.129Z"}
{"level":"info","message":"[AUTH] User created in Auth DB → parent27@example.com","timestamp":"2025-11-23T14:46:35.313Z"}
{"level":"info","message":"[AUTH] Email job queued for parent27@example.com","timestamp":"2025-11-23T14:46:35.384Z"}
{"level":"info","message":"[RABBITMQ] USER_REGISTERED event received for student29@example.com","timestamp":"2025-11-23T14:46:35.819Z"}
{"level":"info","message":"[AUTH] User created in Auth DB → student29@example.com","timestamp":"2025-11-23T14:46:35.998Z"}
{"level":"info","message":"[AUTH] Email job queued for student29@example.com","timestamp":"2025-11-23T14:46:36.069Z"}
{"level":"info","message":"[RABBITMQ] USER_REGISTERED event received for parent30@example.com","timestamp":"2025-11-23T14:46:36.465Z"}
{"level":"info","message":"[AUTH] User created in Auth DB → parent30@example.com","timestamp":"2025-11-23T14:46:36.649Z"}
{"level":"info","message":"[AUTH] Email job queued for parent30@example.com","timestamp":"2025-11-23T14:46:36.719Z"}
{"level":"info","message":"[RABBITMQ] USER_REGISTERED event received for student32@example.com","timestamp":"2025-11-23T14:46:37.161Z"}
{"level":"info","message":"[AUTH] User created in Auth DB → student32@example.com","timestamp":"2025-11-23T14:46:37.341Z"}
{"level":"info","message":"[AUTH] Email job queued for student32@example.com","timestamp":"2025-11-23T14:46:37.413Z"}
{"level":"info","message":"[RABBITMQ] USER_REGISTERED event received for parent33@example.com","timestamp":"2025-11-23T14:46:37.830Z"}
{"level":"info","message":"[AUTH] User created in Auth DB → parent33@example.com","timestamp":"2025-11-23T14:46:38.014Z"}
{"level":"info","message":"[AUTH] Email job queued for parent33@example.com","timestamp":"2025-11-23T14:46:38.086Z"}
{"level":"info","message":"[RABBITMQ] USER_REGISTERED event received for student35@example.com","timestamp":"2025-11-23T14:46:38.528Z"}
{"level":"info","message":"[AUTH] User created in Auth DB → student35@example.com","timestamp":"2025-11-23T14:46:38.711Z"}
{"level":"info","message":"[AUTH] Email job queued for student35@example.com","timestamp":"2025-11-23T14:46:38.782Z"}
{"level":"info","message":"[RABBITMQ] USER_REGISTERED event received for parent36@example.com","timestamp":"2025-11-23T14:46:39.179Z"}
{"level":"info","message":"[AUTH] User created in Auth DB → parent36@example.com","timestamp":"2025-11-23T14:46:39.363Z"}
{"level":"info","message":"[AUTH] Email job queued for parent36@example.com","timestamp":"2025-11-23T14:46:39.437Z"}
{"level":"info","message":"[RABBITMQ] USER_REGISTERED event received for student38@example.com","timestamp":"2025-11-23T14:46:39.873Z"}
{"level":"info","message":"[AUTH] User created in Auth DB → student38@example.com","timestamp":"2025-11-23T14:46:40.056Z"}
{"level":"info","message":"[AUTH] Email job queued for student38@example.com","timestamp":"2025-11-23T14:46:40.129Z"}
{"level":"info","message":"[RABBITMQ] USER_REGISTERED event received for parent39@example.com","timestamp":"2025-11-23T14:46:40.521Z"}
{"level":"info","message":"[AUTH] User created in Auth DB → parent39@example.com","timestamp":"2025-11-23T14:46:40.705Z"}
{"level":"info","message":"[AUTH] Email job queued for parent39@example.com","timestamp":"2025-11-23T14:46:40.778Z"}
{"level":"info","message":"[RABBITMQ] USER_REGISTERED event received for student41@example.com","timestamp":"2025-11-23T14:46:41.220Z"}
{"level":"info","message":"[AUTH] User created in Auth DB → student41@example.com","timestamp":"2025-11-23T14:46:41.399Z"}
{"level":"info","message":"[AUTH] Email job queued for student41@example.com","timestamp":"2025-11-23T14:46:41.471Z"}
{"level":"info","message":"[RABBITMQ] USER_REGISTERED event received for parent42@example.com","timestamp":"2025-11-23T14:46:41.866Z"}
{"level":"info","message":"[AUTH] User created in Auth DB → parent42@example.com","timestamp":"2025-11-23T14:46:42.051Z"}
{"level":"info","message":"[AUTH] Email job queued for parent42@example.com","timestamp":"2025-11-23T14:46:42.124Z"}
{"level":"info","message":"[RABBITMQ] USER_REGISTERED event received for student44@example.com","timestamp":"2025-11-23T14:46:42.564Z"}
{"level":"info","message":"[AUTH] User created in Auth DB → student44@example.com","timestamp":"2025-11-23T14:46:42.743Z"}
{"level":"info","message":"[AUTH] Email job queued for student44@example.com","timestamp":"2025-11-23T14:46:42.814Z"}
{"level":"info","message":"[RABBITMQ] USER_REGISTERED event received for parent45@example.com","timestamp":"2025-11-23T14:46:43.210Z"}
{"level":"info","message":"[AUTH] User created in Auth DB → parent45@example.com","timestamp":"2025-11-23T14:46:43.397Z"}
{"level":"info","message":"[AUTH] Email job queued for parent45@example.com","timestamp":"2025-11-23T14:46:43.468Z"}
{"level":"info","message":"[RABBITMQ] USER_REGISTERED event received for student47@example.com","timestamp":"2025-11-23T14:46:43.901Z"}
{"level":"info","message":"[AUTH] User created in Auth DB → student47@example.com","timestamp":"2025-11-23T14:46:44.081Z"}
{"level":"info","message":"[AUTH] Email job queued for student47@example.com","timestamp":"2025-11-23T14:46:44.157Z"}
{"level":"info","message":"[RABBITMQ] USER_REGISTERED event received for parent48@example.com","timestamp":"2025-11-23T14:46:44.548Z"}
{"level":"info","message":"[AUTH] User created in Auth DB → parent48@example.com","timestamp":"2025-11-23T14:46:44.731Z"}
{"level":"info","message":"[AUTH] Email job queued for parent48@example.com","timestamp":"2025-11-23T14:46:44.803Z"}
{"level":"info","message":"[RABBITMQ] USER_REGISTERED event received for student50@example.com","timestamp":"2025-11-23T14:46:45.241Z"}
{"level":"info","message":"[AUTH] User created in Auth DB → student50@example.com","timestamp":"2025-11-23T14:46:45.425Z"}
{"level":"info","message":"[AUTH] Email job queued for student50@example.com","timestamp":"2025-11-23T14:46:45.497Z"}
{"level":"info","message":"[RABBITMQ] USER_REGISTERED event received for student501@example.com","timestamp":"2025-11-23T15:12:44.639Z"}
{"level":"info","message":"[AUTH] User created in Auth DB → student501@example.com","timestamp":"2025-11-23T15:12:45.613Z"}
{"level":"info","message":"[AUTH] Email job queued for student501@example.com","timestamp":"2025-11-23T15:12:45.813Z"}
{"level":"info","message":"[RABBITMQ] USER_REGISTERED event received for parent2@example.com","timestamp":"2025-11-23T15:12:47.968Z"}
{"level":"info","message":"[AUTH] User created in Auth DB → parent2@example.com","timestamp":"2025-11-23T15:12:48.166Z"}
{"level":"info","message":"[AUTH] Email job queued for parent2@example.com","timestamp":"2025-11-23T15:12:48.228Z"}
{"level":"info","message":"[RABBITMQ] USER_REGISTERED event received for student4@example.com","timestamp":"2025-11-23T15:12:51.574Z"}
{"level":"info","message":"[AUTH] User created in Auth DB → student4@example.com","timestamp":"2025-11-23T15:12:51.777Z"}
{"level":"info","message":"[AUTH] Email job queued for student4@example.com","timestamp":"2025-11-23T15:12:51.839Z"}
{"level":"info","message":"[RABBITMQ] USER_REGISTERED event received for parent5@example.com","timestamp":"2025-11-23T15:12:54.907Z"}
{"level":"info","message":"[AUTH] User created in Auth DB → parent5@example.com","timestamp":"2025-11-23T15:12:55.106Z"}
{"level":"info","message":"[AUTH] Email job queued for parent5@example.com","timestamp":"2025-11-23T15:12:55.168Z"}
{"level":"info","message":"[RABBITMQ] USER_REGISTERED event received for student7@example.com","timestamp":"2025-11-23T15:12:58.513Z"}
{"level":"info","message":"[AUTH] User created in Auth DB → student7@example.com","timestamp":"2025-11-23T15:12:58.712Z"}
{"level":"info","message":"[AUTH] Email job queued for student7@example.com","timestamp":"2025-11-23T15:12:58.774Z"}
{"level":"info","message":"[RABBITMQ] USER_REGISTERED event received for parent8@example.com","timestamp":"2025-11-23T15:13:01.844Z"}
{"level":"info","message":"[AUTH] User created in Auth DB → parent8@example.com","timestamp":"2025-11-23T15:13:02.053Z"}
{"level":"info","message":"[AUTH] Email job queued for parent8@example.com","timestamp":"2025-11-23T15:13:02.119Z"}
{"level":"info","message":"[RABBITMQ] USER_REGISTERED event received for student10@example.com","timestamp":"2025-11-23T15:13:05.444Z"}
{"level":"info","message":"[AUTH] User created in Auth DB → student10@example.com","timestamp":"2025-11-23T15:13:05.642Z"}
{"level":"info","message":"[AUTH] Email job queued for student10@example.com","timestamp":"2025-11-23T15:13:05.703Z"}
{"level":"info","message":"[RABBITMQ] USER_REGISTERED event received for parent11@example.com","timestamp":"2025-11-23T15:13:08.790Z"}
{"level":"info","message":"[AUTH] User created in Auth DB → parent11@example.com","timestamp":"2025-11-23T15:13:09.007Z"}
{"level":"info","message":"[AUTH] Email job queued for parent11@example.com","timestamp":"2025-11-23T15:13:09.068Z"}
{"level":"info","message":"[RABBITMQ] USER_REGISTERED event received for student13@example.com","timestamp":"2025-11-23T15:13:12.377Z"}
{"level":"info","message":"[AUTH] User created in Auth DB → student13@example.com","timestamp":"2025-11-23T15:13:12.587Z"}
{"level":"info","message":"[AUTH] Email job queued for student13@example.com","timestamp":"2025-11-23T15:13:12.650Z"}
{"level":"info","message":"[RABBITMQ] USER_REGISTERED event received for parent14@example.com","timestamp":"2025-11-23T15:13:15.712Z"}
{"level":"info","message":"[AUTH] User created in Auth DB → parent14@example.com","timestamp":"2025-11-23T15:13:15.911Z"}
{"level":"info","message":"[AUTH] Email job queued for parent14@example.com","timestamp":"2025-11-23T15:13:15.972Z"}
{"level":"info","message":"[RABBITMQ] USER_REGISTERED event received for student16@example.com","timestamp":"2025-11-23T15:13:19.312Z"}
{"level":"info","message":"[AUTH] User created in Auth DB → student16@example.com","timestamp":"2025-11-23T15:13:19.595Z"}
{"level":"info","message":"[AUTH] Email job queued for student16@example.com","timestamp":"2025-11-23T15:13:19.658Z"}
{"level":"info","message":"[RABBITMQ] USER_REGISTERED event received for parent17@example.com","timestamp":"2025-11-23T15:13:22.650Z"}
{"level":"info","message":"[AUTH] User created in Auth DB → parent17@example.com","timestamp":"2025-11-23T15:13:22.849Z"}
{"level":"info","message":"[AUTH] Email job queued for parent17@example.com","timestamp":"2025-11-23T15:13:22.909Z"}
{"level":"info","message":"[RABBITMQ] USER_REGISTERED event received for student19@example.com","timestamp":"2025-11-23T15:13:26.244Z"}
{"level":"info","message":"[AUTH] User created in Auth DB → student19@example.com","timestamp":"2025-11-23T15:13:26.484Z"}
{"level":"info","message":"[AUTH] Email job queued for student19@example.com","timestamp":"2025-11-23T15:13:26.549Z"}
{"level":"info","message":"[RABBITMQ] USER_REGISTERED event received for parent20@example.com","timestamp":"2025-11-23T15:13:29.657Z"}
{"level":"info","message":"[AUTH] User created in Auth DB → parent20@example.com","timestamp":"2025-11-23T15:13:29.933Z"}
{"level":"info","message":"[AUTH] Email job queued for parent20@example.com","timestamp":"2025-11-23T15:13:29.994Z"}
{"level":"info","message":"[RABBITMQ] USER_REGISTERED event received for student22@example.com","timestamp":"2025-11-23T15:13:33.242Z"}
{"level":"info","message":"[AUTH] User created in Auth DB → student22@example.com","timestamp":"2025-11-23T15:13:33.470Z"}
{"level":"info","message":"[AUTH] Email job queued for student22@example.com","timestamp":"2025-11-23T15:13:33.530Z"}
{"level":"info","message":"[RABBITMQ] USER_REGISTERED event received for parent23@example.com","timestamp":"2025-11-23T15:13:36.500Z"}
{"level":"info","message":"[AUTH] User created in Auth DB → parent23@example.com","timestamp":"2025-11-23T15:13:36.724Z"}
{"level":"info","message":"[AUTH] Email job queued for parent23@example.com","timestamp":"2025-11-23T15:13:36.785Z"}
{"level":"info","message":"[RABBITMQ] USER_REGISTERED event received for student25@example.com","timestamp":"2025-11-23T15:13:40.102Z"}
{"level":"info","message":"[AUTH] User created in Auth DB → student25@example.com","timestamp":"2025-11-23T15:13:40.309Z"}
{"level":"info","message":"[AUTH] Email job queued for student25@example.com","timestamp":"2025-11-23T15:13:40.370Z"}
{"level":"info","message":"[RABBITMQ] USER_REGISTERED event received for parent26@example.com","timestamp":"2025-11-23T15:13:43.432Z"}
{"level":"info","message":"[AUTH] User created in Auth DB → parent26@example.com","timestamp":"2025-11-23T15:13:43.631Z"}
{"level":"info","message":"[AUTH] Email job queued for parent26@example.com","timestamp":"2025-11-23T15:13:43.692Z"}
{"level":"info","message":"[RABBITMQ] USER_REGISTERED event received for student28@example.com","timestamp":"2025-11-23T15:13:47.035Z"}
{"level":"info","message":"[AUTH] User created in Auth DB → student28@example.com","timestamp":"2025-11-23T15:13:47.239Z"}
{"level":"info","message":"[AUTH] Email job queued for student28@example.com","timestamp":"2025-11-23T15:13:47.299Z"}
{"level":"info","message":"[RABBITMQ] USER_REGISTERED event received for parent29@example.com","timestamp":"2025-11-23T15:13:50.366Z"}
{"level":"info","message":"[AUTH] User created in Auth DB → parent29@example.com","timestamp":"2025-11-23T15:13:50.559Z"}
{"level":"info","message":"[AUTH] Email job queued for parent29@example.com","timestamp":"2025-11-23T15:13:50.620Z"}
{"level":"info","message":"[RABBITMQ] USER_REGISTERED event received for student31@example.com","timestamp":"2025-11-23T15:13:53.982Z"}
{"level":"info","message":"[AUTH] User created in Auth DB → student31@example.com","timestamp":"2025-11-23T15:13:54.292Z"}
{"level":"info","message":"[AUTH] Email job queued for student31@example.com","timestamp":"2025-11-23T15:13:54.354Z"}
{"level":"info","message":"[RABBITMQ] USER_REGISTERED event received for parent32@example.com","timestamp":"2025-11-23T15:13:57.292Z"}
{"level":"info","message":"[AUTH] User created in Auth DB → parent32@example.com","timestamp":"2025-11-23T15:13:57.481Z"}
{"level":"info","message":"[AUTH] Email job queued for parent32@example.com","timestamp":"2025-11-23T15:13:57.542Z"}
{"level":"info","message":"[RABBITMQ] USER_REGISTERED event received for student34@example.com","timestamp":"2025-11-23T15:14:00.894Z"}
{"level":"info","message":"[AUTH] User created in Auth DB → student34@example.com","timestamp":"2025-11-23T15:14:01.093Z"}
{"level":"info","message":"[AUTH] Email job queued for student34@example.com","timestamp":"2025-11-23T15:14:01.156Z"}
{"level":"info","message":"[RABBITMQ] USER_REGISTERED event received for parent35@example.com","timestamp":"2025-11-23T15:14:04.223Z"}
{"level":"info","message":"[AUTH] User created in Auth DB → parent35@example.com","timestamp":"2025-11-23T15:14:04.413Z"}
{"level":"info","message":"[AUTH] Email job queued for parent35@example.com","timestamp":"2025-11-23T15:14:04.475Z"}
{"level":"info","message":"[RABBITMQ] USER_REGISTERED event received for student37@example.com","timestamp":"2025-11-23T15:14:07.828Z"}
{"level":"info","message":"[AUTH] User created in Auth DB → student37@example.com","timestamp":"2025-11-23T15:14:08.161Z"}
{"level":"info","message":"[AUTH] Email job queued for student37@example.com","timestamp":"2025-11-23T15:14:08.226Z"}
{"level":"info","message":"[RABBITMQ] USER_REGISTERED event received for parent38@example.com","timestamp":"2025-11-23T15:14:11.175Z"}
{"level":"info","message":"[AUTH] User created in Auth DB → parent38@example.com","timestamp":"2025-11-23T15:14:11.377Z"}
{"level":"info","message":"[AUTH] Email job queued for parent38@example.com","timestamp":"2025-11-23T15:14:11.442Z"}
{"level":"info","message":"[RABBITMQ] USER_REGISTERED event received for student40@example.com","timestamp":"2025-11-23T15:14:14.798Z"}
{"level":"info","message":"[AUTH] User created in Auth DB → student40@example.com","timestamp":"2025-11-23T15:14:14.997Z"}
{"level":"info","message":"[AUTH] Email job queued for student40@example.com","timestamp":"2025-11-23T15:14:15.059Z"}
{"level":"info","message":"[RABBITMQ] USER_REGISTERED event received for parent41@example.com","timestamp":"2025-11-23T15:14:18.129Z"}
{"level":"info","message":"[AUTH] User created in Auth DB → parent41@example.com","timestamp":"2025-11-23T15:14:18.325Z"}
{"level":"info","message":"[AUTH] Email job queued for parent41@example.com","timestamp":"2025-11-23T15:14:18.387Z"}
{"level":"info","message":"[RABBITMQ] USER_REGISTERED event received for student43@example.com","timestamp":"2025-11-23T15:14:21.734Z"}
{"level":"info","message":"[AUTH] User created in Auth DB → student43@example.com","timestamp":"2025-11-23T15:14:21.930Z"}
{"level":"info","message":"[AUTH] Email job queued for student43@example.com","timestamp":"2025-11-23T15:14:21.991Z"}
{"level":"info","message":"[RABBITMQ] USER_REGISTERED event received for parent44@example.com","timestamp":"2025-11-23T15:14:25.061Z"}
{"level":"info","message":"[AUTH] User created in Auth DB → parent44@example.com","timestamp":"2025-11-23T15:14:25.260Z"}
{"level":"info","message":"[AUTH] Email job queued for parent44@example.com","timestamp":"2025-11-23T15:14:25.321Z"}
{"level":"info","message":"[RABBITMQ] USER_REGISTERED event received for student46@example.com","timestamp":"2025-11-23T15:14:28.662Z"}
{"level":"info","message":"[AUTH] User created in Auth DB → student46@example.com","timestamp":"2025-11-23T15:14:28.881Z"}
{"level":"info","message":"[AUTH] Email job queued for student46@example.com","timestamp":"2025-11-23T15:14:28.943Z"}
{"level":"info","message":"[RABBITMQ] USER_REGISTERED event received for parent47@example.com","timestamp":"2025-11-23T15:14:32.020Z"}
{"level":"info","message":"[AUTH] User created in Auth DB → parent47@example.com","timestamp":"2025-11-23T15:14:32.234Z"}
{"level":"info","message":"[AUTH] Email job queued for parent47@example.com","timestamp":"2025-11-23T15:14:32.311Z"}
{"level":"info","message":"[RABBITMQ] USER_REGISTERED event received for student49@example.com","timestamp":"2025-11-23T15:14:35.594Z"}
{"level":"info","message":"[AUTH] User created in Auth DB → student49@example.com","timestamp":"2025-11-23T15:14:35.782Z"}
{"level":"info","message":"[AUTH] Email job queued for student49@example.com","timestamp":"2025-11-23T15:14:35.844Z"}
